App/build/outputs/logs/manifest-merger-ifixit-debug-report.txt
-- Merging decision tree log ---
manifest
ADDED from iFixitAndroid/App/AndroidManifest.xml:2:1-158:12
	xmlns:android
		ADDED from iFixitAndroid/App/AndroidManifest.xml:2:11-69
	package
		ADDED from iFixitAndroid/App/AndroidManifest.xml:3:11-38
		INJECTED from iFixitAndroid/App/AndroidManifest.xml
		ADDED from iFixitAndroid/App/AndroidManifest.xml:3:11-38
		INJECTED from sites/ifixit/AndroidManifest.xml
	android:versionName
		INJECTED from iFixitAndroid/App/AndroidManifest.xml
		ADDED from iFixitAndroid/App/AndroidManifest.xml:2:1-158:12
		INJECTED from sites/ifixit/AndroidManifest.xml
	android:versionCode
		INJECTED from iFixitAndroid/App/AndroidManifest.xml
		ADDED from iFixitAndroid/App/AndroidManifest.xml:2:1-158:12
		INJECTED from sites/ifixit/AndroidManifest.xml
uses-feature#android.hardware.camera
ADDED from iFixitAndroid/App/AndroidManifest.xml:5:5-7:35
	android:required
		ADDED from iFixitAndroid/App/AndroidManifest.xml:7:9-33
	android:name
		ADDED from iFixitAndroid/App/AndroidManifest.xml:6:9-47
uses-permission#android.permission.INTERNET
ADDED from iFixitAndroid/App/AndroidManifest.xml:9:5-66
MERGED from [com.google.android.gms:play-services-gcm:9.2.1] AndroidManifest.xml:22:5-67
MERGED from [com.google.android.gms:play-services-iid:9.2.1] AndroidManifest.xml:22:5-67
MERGED from [com.google.firebase:firebase-analytics:9.2.1] AndroidManifest.xml:21:5-67
MERGED from [com.google.firebase:firebase-analytics-impl:9.2.1] AndroidManifest.xml:21:5-67
MERGED from [com.google.firebase:firebase-iid:9.2.1] AndroidManifest.xml:21:5-67
	android:name
		ADDED from iFixitAndroid/App/AndroidManifest.xml:9:22-64
uses-permission#android.permission.WRITE_EXTERNAL_STORAGE
ADDED from iFixitAndroid/App/AndroidManifest.xml:10:5-80
	android:name
		ADDED from iFixitAndroid/App/AndroidManifest.xml:10:22-78
uses-permission#android.permission.ACCESS_NETWORK_STATE
ADDED from iFixitAndroid/App/AndroidManifest.xml:11:5-78
MERGED from [com.google.firebase:firebase-analytics:9.2.1] AndroidManifest.xml:22:5-79
MERGED from [com.google.firebase:firebase-analytics-impl:9.2.1] AndroidManifest.xml:22:5-79
MERGED from [com.google.firebase:firebase-iid:9.2.1] AndroidManifest.xml:20:5-79
	android:name
		ADDED from iFixitAndroid/App/AndroidManifest.xml:11:22-76
uses-permission#android.permission.CAMERA
ADDED from iFixitAndroid/App/AndroidManifest.xml:12:5-64
	android:name
		ADDED from iFixitAndroid/App/AndroidManifest.xml:12:22-62
uses-permission#android.permission.AUTHENTICATE_ACCOUNTS
ADDED from iFixitAndroid/App/AndroidManifest.xml:13:5-79
	android:name
		ADDED from iFixitAndroid/App/AndroidManifest.xml:13:22-77
uses-permission#android.permission.GET_ACCOUNTS
ADDED from iFixitAndroid/App/AndroidManifest.xml:14:5-70
	android:name
		ADDED from iFixitAndroid/App/AndroidManifest.xml:14:22-68
uses-permission#android.permission.MANAGE_ACCOUNTS
ADDED from iFixitAndroid/App/AndroidManifest.xml:15:5-73
	android:name
		ADDED from iFixitAndroid/App/AndroidManifest.xml:15:22-71
uses-permission#android.permission.USE_CREDENTIALS
ADDED from iFixitAndroid/App/AndroidManifest.xml:16:5-73
	android:name
		ADDED from iFixitAndroid/App/AndroidManifest.xml:16:22-71
uses-permission#android.permission.WRITE_SYNC_SETTINGS
ADDED from iFixitAndroid/App/AndroidManifest.xml:17:5-77
	android:name
		ADDED from iFixitAndroid/App/AndroidManifest.xml:17:22-75
uses-permission#android.permission.READ_SYNC_SETTINGS
ADDED from iFixitAndroid/App/AndroidManifest.xml:18:5-76
	android:name
		ADDED from iFixitAndroid/App/AndroidManifest.xml:18:22-74
uses-permission#android.permission.READ_SYNC_STATS
ADDED from iFixitAndroid/App/AndroidManifest.xml:19:5-73
	android:name
		ADDED from iFixitAndroid/App/AndroidManifest.xml:19:22-71
application
ADDED from iFixitAndroid/App/AndroidManifest.xml:21:5-157:19
MERGED from iFixitAndroid/App/AndroidManifest.xml:21:5-157:19
MERGED from [com.android.support:support-v4:23.4.0] AndroidManifest.xml:22:5-20
MERGED from [com.android.support:appcompat-v7:23.4.0] AndroidManifest.xml:25:5-20
MERGED from [com.android.support:animated-vector-drawable:23.4.0] AndroidManifest.xml:7:5-20
MERGED from [com.android.support:support-vector-drawable:23.4.0] AndroidManifest.xml:7:5-20
MERGED from [com.android.support:support-v4:23.4.0] AndroidManifest.xml:22:5-20
MERGED from [com.android.support:support-v4:23.4.0] AndroidManifest.xml:22:5-20
MERGED from [com.android.support:support-vector-drawable:23.4.0] AndroidManifest.xml:7:5-20
MERGED from [com.android.support:support-v4:23.4.0] AndroidManifest.xml:22:5-20
MERGED from [com.android.support:support-v4:23.4.0] AndroidManifest.xml:22:5-20
MERGED from [com.github.chrisbanes.pulltorefresh:pulltorefresh:2.1.2] AndroidManifest.xml:9:5-20
MERGED from [it.sephiroth.android.library.imagezoom:imagezoom:1.0.0] AndroidManifest.xml:9:5-19
MERGED from [com.android.support:support-v4:23.4.0] AndroidManifest.xml:22:5-20
MERGED from [com.google.android.gms:play-services-identity:9.2.1] AndroidManifest.xml:19:5-20
MERGED from [com.google.android.gms:play-services-base:9.2.1] AndroidManifest.xml:19:5-23:19
MERGED from [com.google.android.gms:play-services-basement:9.2.1] AndroidManifest.xml:20:5-24:19
MERGED from [com.android.support:support-v4:23.4.0] AndroidManifest.xml:22:5-20
MERGED from [com.google.android.gms:play-services-tasks:9.2.1] AndroidManifest.xml:5:5-20
MERGED from [com.google.android.gms:play-services-basement:9.2.1] AndroidManifest.xml:20:5-24:19
MERGED from [com.android.support:support-v4:23.4.0] AndroidManifest.xml:22:5-20
MERGED from [com.google.android.gms:play-services-basement:9.2.1] AndroidManifest.xml:20:5-24:19
MERGED from [com.android.support:support-v4:23.4.0] AndroidManifest.xml:22:5-20
MERGED from [com.google.android.gms:play-services-plus:9.2.1] AndroidManifest.xml:19:5-20
MERGED from [com.google.android.gms:play-services-base:9.2.1] AndroidManifest.xml:19:5-23:19
MERGED from [com.google.android.gms:play-services-basement:9.2.1] AndroidManifest.xml:20:5-24:19
MERGED from [com.android.support:support-v4:23.4.0] AndroidManifest.xml:22:5-20
MERGED from [com.google.android.gms:play-services-tasks:9.2.1] AndroidManifest.xml:5:5-20
MERGED from [com.google.android.gms:play-services-basement:9.2.1] AndroidManifest.xml:20:5-24:19
MERGED from [com.android.support:support-v4:23.4.0] AndroidManifest.xml:22:5-20
MERGED from [com.google.android.gms:play-services-basement:9.2.1] AndroidManifest.xml:20:5-24:19
MERGED from [com.android.support:support-v4:23.4.0] AndroidManifest.xml:22:5-20
MERGED from [sdk.insert.io:insertIO:1.44.44.1843] AndroidManifest.xml:11:5-22:19
MERGED from [com.android.support:palette-v7:22.2.0] AndroidManifest.xml:22:5-23:19
MERGED from [com.android.support:support-v4:23.4.0] AndroidManifest.xml:22:5-20
MERGED from [com.android.support:support-v4:23.4.0] AndroidManifest.xml:22:5-20
MERGED from [com.android.support:support-v13:23.2.1] AndroidManifest.xml:22:5-20
MERGED from [com.android.support:support-v4:23.4.0] AndroidManifest.xml:22:5-20
MERGED from [com.felipecsl:gifimageview:2.0.0] AndroidManifest.xml:10:5-20
MERGED from [com.android.support:support-v4:23.4.0] AndroidManifest.xml:22:5-20
MERGED from [com.google.android.gms:play-services-gcm:9.2.1] AndroidManifest.xml:24:5-20
MERGED from [com.google.android.gms:play-services-base:9.2.1] AndroidManifest.xml:19:5-23:19
MERGED from [com.google.android.gms:play-services-basement:9.2.1] AndroidManifest.xml:20:5-24:19
MERGED from [com.android.support:support-v4:23.4.0] AndroidManifest.xml:22:5-20
MERGED from [com.google.android.gms:play-services-tasks:9.2.1] AndroidManifest.xml:5:5-20
MERGED from [com.google.android.gms:play-services-basement:9.2.1] AndroidManifest.xml:20:5-24:19
MERGED from [com.android.support:support-v4:23.4.0] AndroidManifest.xml:22:5-20
MERGED from [com.google.android.gms:play-services-basement:9.2.1] AndroidManifest.xml:20:5-24:19
MERGED from [com.android.support:support-v4:23.4.0] AndroidManifest.xml:22:5-20
MERGED from [com.google.android.gms:play-services-iid:9.2.1] AndroidManifest.xml:24:5-20
MERGED from [com.google.android.gms:play-services-base:9.2.1] AndroidManifest.xml:19:5-23:19
MERGED from [com.google.android.gms:play-services-basement:9.2.1] AndroidManifest.xml:20:5-24:19
MERGED from [com.android.support:support-v4:23.4.0] AndroidManifest.xml:22:5-20
MERGED from [com.google.android.gms:play-services-tasks:9.2.1] AndroidManifest.xml:5:5-20
MERGED from [com.google.android.gms:play-services-basement:9.2.1] AndroidManifest.xml:20:5-24:19
MERGED from [com.android.support:support-v4:23.4.0] AndroidManifest.xml:22:5-20
MERGED from [com.google.android.gms:play-services-basement:9.2.1] AndroidManifest.xml:20:5-24:19
MERGED from [com.android.support:support-v4:23.4.0] AndroidManifest.xml:22:5-20
MERGED from [com.google.firebase:firebase-core:9.2.1] AndroidManifest.xml:5:5-20
MERGED from [com.google.firebase:firebase-analytics:9.2.1] AndroidManifest.xml:26:5-41:19
MERGED from [com.google.android.gms:play-services-basement:9.2.1] AndroidManifest.xml:20:5-24:19
MERGED from [com.android.support:support-v4:23.4.0] AndroidManifest.xml:22:5-20
MERGED from [com.google.firebase:firebase-common:9.2.1] AndroidManifest.xml:5:5-12:19
MERGED from [com.google.android.gms:play-services-basement:9.2.1] AndroidManifest.xml:20:5-24:19
MERGED from [com.android.support:support-v4:23.4.0] AndroidManifest.xml:22:5-20
MERGED from [com.google.android.gms:play-services-tasks:9.2.1] AndroidManifest.xml:5:5-20
MERGED from [com.google.android.gms:play-services-basement:9.2.1] AndroidManifest.xml:20:5-24:19
MERGED from [com.android.support:support-v4:23.4.0] AndroidManifest.xml:22:5-20
MERGED from [com.google.firebase:firebase-analytics-impl:9.2.1] AndroidManifest.xml:26:5-41:19
MERGED from [com.google.android.gms:play-services-basement:9.2.1] AndroidManifest.xml:20:5-24:19
MERGED from [com.android.support:support-v4:23.4.0] AndroidManifest.xml:22:5-20
MERGED from [com.google.firebase:firebase-iid:9.2.1] AndroidManifest.xml:30:5-59:19
MERGED from [com.google.android.gms:play-services-basement:9.2.1] AndroidManifest.xml:20:5-24:19
MERGED from [com.android.support:support-v4:23.4.0] AndroidManifest.xml:22:5-20
MERGED from [com.google.firebase:firebase-common:9.2.1] AndroidManifest.xml:5:5-12:19
MERGED from [com.google.android.gms:play-services-basement:9.2.1] AndroidManifest.xml:20:5-24:19
MERGED from [com.android.support:support-v4:23.4.0] AndroidManifest.xml:22:5-20
MERGED from [com.google.android.gms:play-services-tasks:9.2.1] AndroidManifest.xml:5:5-20
MERGED from [com.google.android.gms:play-services-basement:9.2.1] AndroidManifest.xml:20:5-24:19
MERGED from [com.android.support:support-v4:23.4.0] AndroidManifest.xml:22:5-20
MERGED from [com.google.firebase:firebase-common:9.2.1] AndroidManifest.xml:5:5-12:19
MERGED from [com.google.android.gms:play-services-basement:9.2.1] AndroidManifest.xml:20:5-24:19
MERGED from [com.android.support:support-v4:23.4.0] AndroidManifest.xml:22:5-20
MERGED from [com.google.android.gms:play-services-tasks:9.2.1] AndroidManifest.xml:5:5-20
MERGED from [com.google.android.gms:play-services-basement:9.2.1] AndroidManifest.xml:20:5-24:19
MERGED from [com.android.support:support-v4:23.4.0] AndroidManifest.xml:22:5-20
	android:label
		ADDED from iFixitAndroid/App/AndroidManifest.xml:26:9-41
		ADDED from iFixitAndroid/App/AndroidManifest.xml:26:9-41
	android:allowBackup
		ADDED from iFixitAndroid/App/AndroidManifest.xml:24:9-35
		ADDED from iFixitAndroid/App/AndroidManifest.xml:24:9-35
	android:icon
		ADDED from iFixitAndroid/App/AndroidManifest.xml:25:9-38
		ADDED from iFixitAndroid/App/AndroidManifest.xml:25:9-38
	android:theme
		ADDED from iFixitAndroid/App/AndroidManifest.xml:27:9-42
		ADDED from iFixitAndroid/App/AndroidManifest.xml:27:9-42
	android:name
		ADDED from iFixitAndroid/App/AndroidManifest.xml:22:9-28
		ADDED from iFixitAndroid/App/AndroidManifest.xml:22:9-28
meta-data#android.app.default_searchable
ADDED from iFixitAndroid/App/AndroidManifest.xml:29:9-31:73
	android:name
		ADDED from iFixitAndroid/App/AndroidManifest.xml:30:13-58
	android:value
		ADDED from iFixitAndroid/App/AndroidManifest.xml:31:13-71
meta-data#com.google.android.gms.version
ADDED from iFixitAndroid/App/AndroidManifest.xml:33:9-35:68
MERGED from [com.google.android.gms:play-services-basement:9.2.1] AndroidManifest.xml:21:9-23:69
MERGED from [com.google.android.gms:play-services-basement:9.2.1] AndroidManifest.xml:21:9-23:69
MERGED from [com.google.android.gms:play-services-basement:9.2.1] AndroidManifest.xml:21:9-23:69
MERGED from [com.google.android.gms:play-services-basement:9.2.1] AndroidManifest.xml:21:9-23:69
MERGED from [com.google.android.gms:play-services-basement:9.2.1] AndroidManifest.xml:21:9-23:69
MERGED from [com.google.android.gms:play-services-basement:9.2.1] AndroidManifest.xml:21:9-23:69
MERGED from [com.google.android.gms:play-services-basement:9.2.1] AndroidManifest.xml:21:9-23:69
MERGED from [com.google.android.gms:play-services-basement:9.2.1] AndroidManifest.xml:21:9-23:69
MERGED from [com.google.android.gms:play-services-basement:9.2.1] AndroidManifest.xml:21:9-23:69
MERGED from [com.google.android.gms:play-services-basement:9.2.1] AndroidManifest.xml:21:9-23:69
MERGED from [com.google.android.gms:play-services-basement:9.2.1] AndroidManifest.xml:21:9-23:69
MERGED from [com.google.android.gms:play-services-basement:9.2.1] AndroidManifest.xml:21:9-23:69
MERGED from [com.google.android.gms:play-services-basement:9.2.1] AndroidManifest.xml:21:9-23:69
MERGED from [com.google.android.gms:play-services-basement:9.2.1] AndroidManifest.xml:21:9-23:69
MERGED from [com.google.android.gms:play-services-basement:9.2.1] AndroidManifest.xml:21:9-23:69
MERGED from [com.google.android.gms:play-services-basement:9.2.1] AndroidManifest.xml:21:9-23:69
MERGED from [com.google.android.gms:play-services-basement:9.2.1] AndroidManifest.xml:21:9-23:69
MERGED from [com.google.android.gms:play-services-basement:9.2.1] AndroidManifest.xml:21:9-23:69
MERGED from [com.google.android.gms:play-services-basement:9.2.1] AndroidManifest.xml:21:9-23:69
MERGED from [com.google.android.gms:play-services-basement:9.2.1] AndroidManifest.xml:21:9-23:69
MERGED from [com.google.android.gms:play-services-basement:9.2.1] AndroidManifest.xml:21:9-23:69
	android:name
		ADDED from iFixitAndroid/App/AndroidManifest.xml:34:13-58
	android:value
		ADDED from iFixitAndroid/App/AndroidManifest.xml:35:13-66
activity#com.dozuki.ifixit.ui.search.SearchActivity
ADDED from iFixitAndroid/App/AndroidManifest.xml:37:9-50:20
	android:label
		ADDED from iFixitAndroid/App/AndroidManifest.xml:41:13-43
	android:configChanges
		ADDED from iFixitAndroid/App/AndroidManifest.xml:39:13-74
	android:hardwareAccelerated
		ADDED from iFixitAndroid/App/AndroidManifest.xml:40:13-47
	android:name
		ADDED from iFixitAndroid/App/AndroidManifest.xml:38:13-53
	android:launchMode
		ADDED from iFixitAndroid/App/AndroidManifest.xml:42:13-43
intent-filter#android.intent.action.SEARCH
ADDED from iFixitAndroid/App/AndroidManifest.xml:43:13-45:29
action#android.intent.action.SEARCH
ADDED from iFixitAndroid/App/AndroidManifest.xml:44:17-70
	android:name
		ADDED from iFixitAndroid/App/AndroidManifest.xml:44:25-68
meta-data#android.app.searchable
ADDED from iFixitAndroid/App/AndroidManifest.xml:47:13-49:53
	android:resource
		ADDED from iFixitAndroid/App/AndroidManifest.xml:49:17-51
	android:name
		ADDED from iFixitAndroid/App/AndroidManifest.xml:48:17-54
activity#com.dozuki.ifixit.ui.guide.view.GuideViewActivity
ADDED from iFixitAndroid/App/AndroidManifest.xml:52:9-54:45
	android:name
		ADDED from iFixitAndroid/App/AndroidManifest.xml:53:13-60
	android:launchMode
		ADDED from iFixitAndroid/App/AndroidManifest.xml:54:13-43
activity#com.dozuki.ifixit.ui.guide.view.TeardownsActivity
ADDED from iFixitAndroid/App/AndroidManifest.xml:55:9-68
	android:name
		ADDED from iFixitAndroid/App/AndroidManifest.xml:55:19-66
activity#com.dozuki.ifixit.ui.guide.view.FeaturedGuidesActivity
ADDED from iFixitAndroid/App/AndroidManifest.xml:56:9-73
	android:name
		ADDED from iFixitAndroid/App/AndroidManifest.xml:56:19-71
activity#com.dozuki.ifixit.ui.guide.view.OfflineGuidesActivity
ADDED from iFixitAndroid/App/AndroidManifest.xml:60:9-62:38
	android:exported
		ADDED from iFixitAndroid/App/AndroidManifest.xml:62:13-36
	android:name
		ADDED from iFixitAndroid/App/AndroidManifest.xml:61:13-64
activity#com.dozuki.ifixit.ui.guide.CommentsActivity
ADDED from iFixitAndroid/App/AndroidManifest.xml:64:9-65:60
	android:windowSoftInputMode
		ADDED from iFixitAndroid/App/AndroidManifest.xml:65:19-58
	android:name
		ADDED from iFixitAndroid/App/AndroidManifest.xml:64:19-60
activity#com.dozuki.ifixit.ui.gallery.GalleryActivity
ADDED from iFixitAndroid/App/AndroidManifest.xml:67:9-63
	android:name
		ADDED from iFixitAndroid/App/AndroidManifest.xml:67:19-61
activity#com.dozuki.ifixit.ui.NumberCheckActivity
ADDED from iFixitAndroid/App/AndroidManifest.xml:68:9-59
	android:name
		ADDED from iFixitAndroid/App/AndroidManifest.xml:68:19-57
activity#com.dozuki.ifixit.ui.guide.create.GuideIntroActivity
ADDED from iFixitAndroid/App/AndroidManifest.xml:69:9-71:45
	android:name
		ADDED from iFixitAndroid/App/AndroidManifest.xml:70:13-63
	android:launchMode
		ADDED from iFixitAndroid/App/AndroidManifest.xml:71:13-43
activity#com.dozuki.ifixit.ui.guide.create.GuideCreateActivity
ADDED from iFixitAndroid/App/AndroidManifest.xml:72:9-72
	android:name
		ADDED from iFixitAndroid/App/AndroidManifest.xml:72:19-70
activity#com.dozuki.ifixit.ui.guide.create.StepsActivity
ADDED from iFixitAndroid/App/AndroidManifest.xml:73:9-66
	android:name
		ADDED from iFixitAndroid/App/AndroidManifest.xml:73:19-64
activity#com.dozuki.ifixit.ui.guide.create.StepEditActivity
ADDED from iFixitAndroid/App/AndroidManifest.xml:74:9-77:45
	android:windowSoftInputMode
		ADDED from iFixitAndroid/App/AndroidManifest.xml:76:13-67
	android:name
		ADDED from iFixitAndroid/App/AndroidManifest.xml:75:13-61
	android:launchMode
		ADDED from iFixitAndroid/App/AndroidManifest.xml:77:13-43
activity#com.dozuki.ifixit.ui.auth.OpenIDActivity
ADDED from iFixitAndroid/App/AndroidManifest.xml:78:9-59
	android:name
		ADDED from iFixitAndroid/App/AndroidManifest.xml:78:19-57
activity#com.dozuki.ifixit.ui.topic_view.TopicViewActivity
ADDED from iFixitAndroid/App/AndroidManifest.xml:79:9-68
	android:name
		ADDED from iFixitAndroid/App/AndroidManifest.xml:79:19-66
activity#com.dozuki.ifixit.ui.guide.view.FullImageViewActivity
ADDED from iFixitAndroid/App/AndroidManifest.xml:80:9-82:71
	android:theme
		ADDED from iFixitAndroid/App/AndroidManifest.xml:82:13-69
	android:name
		ADDED from iFixitAndroid/App/AndroidManifest.xml:81:13-64
activity#com.dozuki.ifixit.ui.guide.view.VideoViewActivity
ADDED from iFixitAndroid/App/AndroidManifest.xml:83:9-87:71
	android:screenOrientation
		ADDED from iFixitAndroid/App/AndroidManifest.xml:85:13-50
	android:configChanges
		ADDED from iFixitAndroid/App/AndroidManifest.xml:86:13-74
	android:theme
		ADDED from iFixitAndroid/App/AndroidManifest.xml:87:13-69
	android:name
		ADDED from iFixitAndroid/App/AndroidManifest.xml:84:13-60
activity#com.dozuki.ifixit.ui.guide.view.EmbedViewActivity
ADDED from iFixitAndroid/App/AndroidManifest.xml:88:9-91:71
	android:configChanges
		ADDED from iFixitAndroid/App/AndroidManifest.xml:90:13-74
	android:theme
		ADDED from iFixitAndroid/App/AndroidManifest.xml:91:13-69
	android:name
		ADDED from iFixitAndroid/App/AndroidManifest.xml:89:13-60
service#com.dozuki.ifixit.model.auth.AuthenticatorService
ADDED from iFixitAndroid/App/AndroidManifest.xml:93:10-99:20
	android:name
		ADDED from iFixitAndroid/App/AndroidManifest.xml:93:19-66
intent-filter#android.accounts.AccountAuthenticator
ADDED from iFixitAndroid/App/AndroidManifest.xml:94:13-96:29
action#android.accounts.AccountAuthenticator
ADDED from iFixitAndroid/App/AndroidManifest.xml:95:16-79
	android:name
		ADDED from iFixitAndroid/App/AndroidManifest.xml:95:24-76
meta-data#android.accounts.AccountAuthenticator
ADDED from iFixitAndroid/App/AndroidManifest.xml:97:13-98:64
	android:resource
		ADDED from iFixitAndroid/App/AndroidManifest.xml:98:24-61
	android:name
		ADDED from iFixitAndroid/App/AndroidManifest.xml:97:24-76
service#com.dozuki.ifixit.util.api.ApiSyncService
ADDED from iFixitAndroid/App/AndroidManifest.xml:101:10-109:20
	android:process
		ADDED from iFixitAndroid/App/AndroidManifest.xml:103:19-42
	android:exported
		ADDED from iFixitAndroid/App/AndroidManifest.xml:102:19-42
	android:name
		ADDED from iFixitAndroid/App/AndroidManifest.xml:101:19-58
intent-filter#android.content.SyncAdapter
ADDED from iFixitAndroid/App/AndroidManifest.xml:104:14-106:30
action#android.content.SyncAdapter
ADDED from iFixitAndroid/App/AndroidManifest.xml:105:18-71
	android:name
		ADDED from iFixitAndroid/App/AndroidManifest.xml:105:26-68
meta-data#android.content.SyncAdapter
ADDED from iFixitAndroid/App/AndroidManifest.xml:107:14-108:68
	android:resource
		ADDED from iFixitAndroid/App/AndroidManifest.xml:108:25-65
	android:name
		ADDED from iFixitAndroid/App/AndroidManifest.xml:107:25-67
activity#sdk.insert.io.activities.InsertGateActivity
ADDED from iFixitAndroid/App/AndroidManifest.xml:113:9-124:20
	android:name
		ADDED from iFixitAndroid/App/AndroidManifest.xml:113:19-77
	android:launchMode
		ADDED from iFixitAndroid/App/AndroidManifest.xml:113:78-113
intent-filter#android.intent.action.VIEW+android.intent.category.BROWSABLE+android.intent.category.DEFAULT
ADDED from iFixitAndroid/App/AndroidManifest.xml:114:13-119:29
action#android.intent.action.VIEW
ADDED from iFixitAndroid/App/AndroidManifest.xml:115:17-68
	android:name
		ADDED from iFixitAndroid/App/AndroidManifest.xml:115:25-66
category#android.intent.category.DEFAULT
ADDED from iFixitAndroid/App/AndroidManifest.xml:116:17-75
	android:name
		ADDED from iFixitAndroid/App/AndroidManifest.xml:116:27-73
category#android.intent.category.BROWSABLE
ADDED from iFixitAndroid/App/AndroidManifest.xml:117:17-77
	android:name
		ADDED from iFixitAndroid/App/AndroidManifest.xml:117:27-75
data
ADDED from iFixitAndroid/App/AndroidManifest.xml:118:17-57
	android:scheme
		ADDED from iFixitAndroid/App/AndroidManifest.xml:118:23-55
intent-filter#2143c30e+android.intent.category.DEFAULT
ADDED from iFixitAndroid/App/AndroidManifest.xml:120:13-123:29
action#2143c30e
ADDED from iFixitAndroid/App/AndroidManifest.xml:121:17-51
	android:name
		ADDED from iFixitAndroid/App/AndroidManifest.xml:121:25-48
service#com.dozuki.ifixit.MyGcmListenerService
ADDED from iFixitAndroid/App/AndroidManifest.xml:126:9-132:19
	android:exported
		ADDED from iFixitAndroid/App/AndroidManifest.xml:128:13-37
	android:name
		ADDED from iFixitAndroid/App/AndroidManifest.xml:127:13-49
intent-filter#com.google.android.c2dm.intent.RECEIVE
ADDED from iFixitAndroid/App/AndroidManifest.xml:129:13-131:29
action#com.google.android.c2dm.intent.RECEIVE
ADDED from iFixitAndroid/App/AndroidManifest.xml:130:17-81
	android:name
		ADDED from iFixitAndroid/App/AndroidManifest.xml:130:25-78
service#com.dozuki.ifixit.MyInstanceIdListenerService
ADDED from iFixitAndroid/App/AndroidManifest.xml:133:9-139:19
	android:exported
		ADDED from iFixitAndroid/App/AndroidManifest.xml:135:13-37
	android:name
		ADDED from iFixitAndroid/App/AndroidManifest.xml:134:13-56
intent-filter#com.google.android.gms.iid.InstanceID
ADDED from iFixitAndroid/App/AndroidManifest.xml:136:13-138:29
action#com.google.android.gms.iid.InstanceID
ADDED from iFixitAndroid/App/AndroidManifest.xml:137:17-80
	android:name
		ADDED from iFixitAndroid/App/AndroidManifest.xml:137:25-77
service#com.dozuki.ifixit.RegistrationIntentService
ADDED from iFixitAndroid/App/AndroidManifest.xml:140:9-143:19
	android:exported
		ADDED from iFixitAndroid/App/AndroidManifest.xml:142:13-37
	android:name
		ADDED from iFixitAndroid/App/AndroidManifest.xml:141:13-54
receiver#com.google.android.gms.gcm.GcmReceiver
ADDED from iFixitAndroid/App/AndroidManifest.xml:144:9-152:20
	android:exported
		ADDED from iFixitAndroid/App/AndroidManifest.xml:146:13-36
	android:permission
		ADDED from iFixitAndroid/App/AndroidManifest.xml:147:13-73
	android:name
		ADDED from iFixitAndroid/App/AndroidManifest.xml:145:13-66
intent-filter#com.google.android.c2dm.intent.RECEIVE+com.insert.tsafrir.demo2
ADDED from iFixitAndroid/App/AndroidManifest.xml:148:13-151:29
category#com.insert.tsafrir.demo2
ADDED from iFixitAndroid/App/AndroidManifest.xml:150:17-69
	android:name
		ADDED from iFixitAndroid/App/AndroidManifest.xml:150:27-66
meta-data#insert_debug_logging
ADDED from iFixitAndroid/App/AndroidManifest.xml:153:9-79
	android:name
		ADDED from iFixitAndroid/App/AndroidManifest.xml:153:20-55
	android:value
		ADDED from iFixitAndroid/App/AndroidManifest.xml:153:56-76
meta-data#insert_custom_url
ADDED from iFixitAndroid/App/AndroidManifest.xml:154:9-102
	android:name
		ADDED from iFixitAndroid/App/AndroidManifest.xml:154:20-52
	android:value
		ADDED from iFixitAndroid/App/AndroidManifest.xml:154:53-99
meta-data#insert_custom_socket_url
ADDED from iFixitAndroid/App/AndroidManifest.xml:155:9-105
	android:name
		ADDED from iFixitAndroid/App/AndroidManifest.xml:155:20-59
	android:value
		ADDED from iFixitAndroid/App/AndroidManifest.xml:155:60-102
meta-data#insert_custom_analytics_url
ADDED from iFixitAndroid/App/AndroidManifest.xml:156:9-110
	android:name
		ADDED from iFixitAndroid/App/AndroidManifest.xml:156:20-62
	android:value
		ADDED from iFixitAndroid/App/AndroidManifest.xml:156:63-107
uses-sdk
INJECTED from iFixitAndroid/App/AndroidManifest.xml reason: use-sdk injection requested
MERGED from [com.android.support:multidex:1.0.1] AndroidManifest.xml:18:5-42
MERGED from [com.android.support:support-v4:23.4.0] AndroidManifest.xml:20:5-43
MERGED from [com.android.support:appcompat-v7:23.4.0] AndroidManifest.xml:21:5-23:78
MERGED from [com.android.support:animated-vector-drawable:23.4.0] AndroidManifest.xml:5:5-44
MERGED from [com.android.support:support-vector-drawable:23.4.0] AndroidManifest.xml:5:5-43
MERGED from [com.android.support:support-v4:23.4.0] AndroidManifest.xml:20:5-43
MERGED from [com.android.support:support-v4:23.4.0] AndroidManifest.xml:20:5-43
MERGED from [com.android.support:support-vector-drawable:23.4.0] AndroidManifest.xml:5:5-43
MERGED from [com.android.support:support-v4:23.4.0] AndroidManifest.xml:20:5-43
MERGED from [com.marczych.androidsectionheaders:androidsectionheaders:1.0.0] AndroidManifest.xml:7:5-43
MERGED from [net.simonvt.menudrawer:menudrawer:3.0.5] AndroidManifest.xml:3:5-72
MERGED from [com.viewpagerindicator:viewpagerindicator:2.4.1] AndroidManifest.xml:8:5-43
MERGED from [com.android.support:support-v4:23.4.0] AndroidManifest.xml:20:5-43
MERGED from [com.github.chrisbanes.pulltorefresh:pulltorefresh:2.1.2] AndroidManifest.xml:7:5-43
MERGED from [it.sephiroth.android.library.imagezoom:imagezoom:1.0.0] AndroidManifest.xml:7:5-73
MERGED from [com.vandalsoftware.android:dslv:0.6.3] AndroidManifest.xml:6:5-7:35
MERGED from [com.android.support:support-v4:23.4.0] AndroidManifest.xml:20:5-43
MERGED from [com.f2prateek.progressbutton:progressbutton:2.1.0] AndroidManifest.xml:7:3-70
MERGED from [com.google.android.gms:play-services-identity:9.2.1] AndroidManifest.xml:18:5-42
MERGED from [com.google.android.gms:play-services-base:9.2.1] AndroidManifest.xml:18:5-42
MERGED from [com.google.android.gms:play-services-basement:9.2.1] AndroidManifest.xml:18:5-42
MERGED from [com.android.support:support-v4:23.4.0] AndroidManifest.xml:20:5-43
MERGED from [com.google.android.gms:play-services-tasks:9.2.1] AndroidManifest.xml:4:5-43
MERGED from [com.google.android.gms:play-services-basement:9.2.1] AndroidManifest.xml:18:5-42
MERGED from [com.android.support:support-v4:23.4.0] AndroidManifest.xml:20:5-43
MERGED from [com.google.android.gms:play-services-basement:9.2.1] AndroidManifest.xml:18:5-42
MERGED from [com.android.support:support-v4:23.4.0] AndroidManifest.xml:20:5-43
MERGED from [com.google.android.gms:play-services-plus:9.2.1] AndroidManifest.xml:18:5-42
MERGED from [com.google.android.gms:play-services-base:9.2.1] AndroidManifest.xml:18:5-42
MERGED from [com.google.android.gms:play-services-basement:9.2.1] AndroidManifest.xml:18:5-42
MERGED from [com.android.support:support-v4:23.4.0] AndroidManifest.xml:20:5-43
MERGED from [com.google.android.gms:play-services-tasks:9.2.1] AndroidManifest.xml:4:5-43
MERGED from [com.google.android.gms:play-services-basement:9.2.1] AndroidManifest.xml:18:5-42
MERGED from [com.android.support:support-v4:23.4.0] AndroidManifest.xml:20:5-43
MERGED from [com.google.android.gms:play-services-basement:9.2.1] AndroidManifest.xml:18:5-42
MERGED from [com.android.support:support-v4:23.4.0] AndroidManifest.xml:20:5-43
MERGED from [sdk.insert.io:insertIO:1.44.44.1843] AndroidManifest.xml:7:5-9:41
MERGED from [com.android.support:palette-v7:22.2.0] AndroidManifest.xml:20:5-43
MERGED from [com.android.support:support-v4:23.4.0] AndroidManifest.xml:20:5-43
MERGED from [com.android.support:recyclerview-v7:22.2.0] AndroidManifest.xml:20:5-43
MERGED from [com.android.support:support-v4:23.4.0] AndroidManifest.xml:20:5-43
MERGED from [io.reactivex:rxandroid:1.1.0] AndroidManifest.xml:19:5-43
MERGED from [com.jakewharton.rxbinding:rxbinding:0.4.0] AndroidManifest.xml:6:5-44
MERGED from [io.reactivex:rxandroid:1.1.0] AndroidManifest.xml:19:5-43
MERGED from [com.trello:rxlifecycle:0.5.0] AndroidManifest.xml:17:5-44
MERGED from [com.jakewharton.rxbinding:rxbinding:0.4.0] AndroidManifest.xml:6:5-44
MERGED from [io.reactivex:rxandroid:1.1.0] AndroidManifest.xml:19:5-43
MERGED from [com.daimajia.easing:library:1.0.2] AndroidManifest.xml:8:5-10:41
MERGED from [com.android.support:support-v13:23.2.1] AndroidManifest.xml:20:5-44
MERGED from [com.android.support:support-v4:23.4.0] AndroidManifest.xml:20:5-43
MERGED from [com.felipecsl:gifimageview:2.0.0] AndroidManifest.xml:8:5-43
MERGED from [com.joanzapata.iconify:android-iconify:2.2.2] AndroidManifest.xml:6:5-43